# JRE version: OpenJDK Runtime Environment (17.0.10) (build 17.0.10+0--11572160)
# Java VM: OpenJDK 64-Bit Server VM (17.0.10+0--11572160, mixed mode, tiered, compressed oops, compressed class ptrs, g1 gc, windows-amd64)
GC Precious Log:
 CPUs: 12 total, 12 available
 Memory: 7521M
 Large Page Support: Disabled
 NUMA Support: Disabled
 Compressed Oops: Enabled (32-bit)
 Heap Region Size: 1M
 Heap Min Capacity: 8M
 Heap Initial Capacity: 118M
 Heap Max Capacity: 1882M
 Pre-touch: Disabled
 Parallel Workers: 10
 Concurrent Workers: 3
 Concurrent Refinement Workers: 10
 Periodic GC: Disabled
Heap:
 garbage-first heap   total 86016K, used 47784K [0x000000008a600000, 0x0000000100000000)
  region size 1024K, 1 young (1024K), 1 survivors (1024K)
 Metaspace       used 57161K, committed 57472K, reserved 1114112K
  class space    used 6757K, committed 6912K, reserved 1048576K
GC Heap History (20 events):
Event: 4.597 GC heap after
{Heap after GC invocations=9 (full 0):
 garbage-first heap   total 60416K, used 25550K [0x000000008a600000, 0x0000000100000000)
  region size 1024K, 3 young (3072K), 3 survivors (3072K)
 Metaspace       used 37375K, committed 37632K, reserved 1114112K
  class space    used 4705K, committed 4800K, reserved 1048576K
}
Event: 5.139 GC heap before
{Heap before GC invocations=9 (full 0):
 garbage-first heap   total 60416K, used 42958K [0x000000008a600000, 0x0000000100000000)
  region size 1024K, 21 young (21504K), 3 survivors (3072K)
 Metaspace       used 41115K, committed 41344K, reserved 1114112K
  class space    used 5029K, committed 5120K, reserved 1048576K
}
Event: 5.149 GC heap after
{Heap after GC invocations=10 (full 0):
 garbage-first heap   total 60416K, used 27870K [0x000000008a600000, 0x0000000100000000)
  region size 1024K, 3 young (3072K), 3 survivors (3072K)
 Metaspace       used 41115K, committed 41344K, reserved 1114112K
  class space    used 5029K, committed 5120K, reserved 1048576K
}
Event: 5.787 GC heap before
{Heap before GC invocations=10 (full 0):
 garbage-first heap   total 60416K, used 45278K [0x000000008a600000, 0x0000000100000000)
  region size 1024K, 20 young (20480K), 3 survivors (3072K)
 Metaspace       used 45419K, committed 45632K, reserved 1114112K
  class space    used 5502K, committed 5568K, reserved 1048576K
}
Event: 5.795 GC heap after
{Heap after GC invocations=11 (full 0):
 garbage-first heap   total 60416K, used 29081K [0x000000008a600000, 0x0000000100000000)
  region size 1024K, 2 young (2048K), 2 survivors (2048K)
 Metaspace       used 45419K, committed 45632K, reserved 1114112K
  class space    used 5502K, committed 5568K, reserved 1048576K
}
Event: 6.337 GC heap before
{Heap before GC invocations=11 (full 0):
 garbage-first heap   total 60416K, used 46489K [0x000000008a600000, 0x0000000100000000)
  region size 1024K, 19 young (19456K), 2 survivors (2048K)
 Metaspace       used 48353K, committed 48576K, reserved 1114112K
  class space    used 5860K, committed 5952K, reserved 1048576K
}
Event: 6.351 GC heap after
{Heap after GC invocations=12 (full 0):
 garbage-first heap   total 72704K, used 31640K [0x000000008a600000, 0x0000000100000000)
  region size 1024K, 3 young (3072K), 3 survivors (3072K)
 Metaspace       used 48353K, committed 48576K, reserved 1114112K
  class space    used 5860K, committed 5952K, reserved 1048576K
}
Event: 6.602 GC heap before
{Heap before GC invocations=13 (full 0):
 garbage-first heap   total 72704K, used 55192K [0x000000008a600000, 0x0000000100000000)
  region size 1024K, 25 young (25600K), 3 survivors (3072K)
 Metaspace       used 48679K, committed 48896K, reserved 1114112K
  class space    used 5878K, committed 5952K, reserved 1048576K
}
Event: 6.613 GC heap after
{Heap after GC invocations=14 (full 0):
 garbage-first heap   total 72704K, used 33246K [0x000000008a600000, 0x0000000100000000)
  region size 1024K, 2 young (2048K), 2 survivors (2048K)
 Metaspace       used 48679K, committed 48896K, reserved 1114112K
  class space    used 5878K, committed 5952K, reserved 1048576K
}
Event: 7.302 GC heap before
{Heap before GC invocations=14 (full 0):
 garbage-first heap   total 72704K, used 55774K [0x000000008a600000, 0x0000000100000000)
  region size 1024K, 24 young (24576K), 2 survivors (2048K)
 Metaspace       used 52597K, committed 52864K, reserved 1114112K
  class space    used 6334K, committed 6464K, reserved 1048576K
}
Event: 7.312 GC heap after
{Heap after GC invocations=15 (full 0):
 garbage-first heap   total 72704K, used 35840K [0x000000008a600000, 0x0000000100000000)
  region size 1024K, 3 young (3072K), 3 survivors (3072K)
 Metaspace       used 52597K, committed 52864K, reserved 1114112K
  class space    used 6334K, committed 6464K, reserved 1048576K
}
Event: 8.022 GC heap before
{Heap before GC invocations=15 (full 0):
 garbage-first heap   total 72704K, used 56320K [0x000000008a600000, 0x0000000100000000)
  region size 1024K, 23 young (23552K), 3 survivors (3072K)
 Metaspace       used 53968K, committed 54208K, reserved 1114112K
  class space    used 6397K, committed 6528K, reserved 1048576K
}
Event: 8.039 GC heap after
{Heap after GC invocations=16 (full 0):
 garbage-first heap   total 72704K, used 39355K [0x000000008a600000, 0x0000000100000000)
  region size 1024K, 3 young (3072K), 3 survivors (3072K)
 Metaspace       used 53968K, committed 54208K, reserved 1114112K
  class space    used 6397K, committed 6528K, reserved 1048576K
}
Event: 8.365 GC heap before
{Heap before GC invocations=17 (full 0):
 garbage-first heap   total 72704K, used 56763K [0x000000008a600000, 0x0000000100000000)
  region size 1024K, 20 young (20480K), 3 survivors (3072K)
 Metaspace       used 54384K, committed 54720K, reserved 1114112K
  class space    used 6422K, committed 6528K, reserved 1048576K
}
Event: 8.383 GC heap after
{Heap after GC invocations=18 (full 0):
 garbage-first heap   total 72704K, used 42824K [0x000000008a600000, 0x0000000100000000)
  region size 1024K, 3 young (3072K), 3 survivors (3072K)
 Metaspace       used 54384K, committed 54720K, reserved 1114112K
  class space    used 6422K, committed 6528K, reserved 1048576K
}
Event: 8.613 GC heap before
{Heap before GC invocations=18 (full 0):
 garbage-first heap   total 72704K, used 57160K [0x000000008a600000, 0x0000000100000000)
  region size 1024K, 17 young (17408K), 3 survivors (3072K)
 Metaspace       used 55414K, committed 55744K, reserved 1114112K
  class space    used 6562K, committed 6720K, reserved 1048576K
}
Event: 8.626 GC heap after
{Heap after GC invocations=19 (full 0):
 garbage-first heap   total 72704K, used 44467K [0x000000008a600000, 0x0000000100000000)
  region size 1024K, 2 young (2048K), 2 survivors (2048K)
 Metaspace       used 55414K, committed 55744K, reserved 1114112K
  class space    used 6562K, committed 6720K, reserved 1048576K
}
Event: 9.130 GC heap before
{Heap before GC invocations=20 (full 0):
 garbage-first heap   total 80896K, used 57779K [0x000000008a600000, 0x0000000100000000)
  region size 1024K, 15 young (15360K), 2 survivors (2048K)
 Metaspace       used 56928K, committed 57216K, reserved 1114112K
  class space    used 6729K, committed 6848K, reserved 1048576K
}
Event: 9.140 GC heap after
{Heap after GC invocations=21 (full 0):
 garbage-first heap   total 80896K, used 46649K [0x000000008a600000, 0x0000000100000000)
  region size 1024K, 2 young (2048K), 2 survivors (2048K)
 Metaspace       used 56928K, committed 57216K, reserved 1114112K
  class space    used 6729K, committed 6848K, reserved 1048576K
}
Event: 9.239 GC heap before
{Heap before GC invocations=21 (full 0):
 garbage-first heap   total 80896K, used 50745K [0x000000008a600000, 0x0000000100000000)
  region size 1024K, 7 young (7168K), 2 survivors (2048K)
 Metaspace       used 57161K, committed 57472K, reserved 1114112K
  class space    used 6757K, committed 6912K, reserved 1048576K
}

