# JRE version: OpenJDK Runtime Environment (17.0.10) (build 17.0.10+0--11572160)
# Java VM: OpenJDK 64-Bit Server VM (17.0.10+0--11572160, mixed mode, tiered, compressed oops, compressed class ptrs, g1 gc, windows-amd64)
GC Precious Log:
 CPUs: 12 total, 12 available
 Memory: 7521M
 Large Page Support: Disabled
 NUMA Support: Disabled
 Compressed Oops: Enabled (32-bit)
 Heap Region Size: 1M
 Heap Min Capacity: 8M
 Heap Initial Capacity: 118M
 Heap Max Capacity: 1882M
 Pre-touch: Disabled
 Parallel Workers: 10
 Concurrent Workers: 3
 Concurrent Refinement Workers: 10
 Periodic GC: Disabled
Heap:
 garbage-first heap   total 66560K, used 41542K [0x000000008a600000, 0x0000000100000000)
  region size 1024K, 15 young (15360K), 2 survivors (2048K)
 Metaspace       used 48607K, committed 48832K, reserved 1114112K
  class space    used 5879K, committed 5952K, reserved 1048576K
GC Heap History (20 events):
Event: 1.174 GC heap before
{Heap before GC invocations=0 (full 0):
 garbage-first heap   total 120832K, used 27648K [0x000000008a600000, 0x0000000100000000)
  region size 1024K, 23 young (23552K), 0 survivors (0K)
 Metaspace       used 13357K, committed 13504K, reserved 1114112K
  class space    used 1286K, committed 1344K, reserved 1048576K
}
Event: 1.181 GC heap after
{Heap after GC invocations=1 (full 0):
 garbage-first heap   total 120832K, used 7047K [0x000000008a600000, 0x0000000100000000)
  region size 1024K, 3 young (3072K), 3 survivors (3072K)
 Metaspace       used 13357K, committed 13504K, reserved 1114112K
  class space    used 1286K, committed 1344K, reserved 1048576K
}
Event: 2.250 GC heap before
{Heap before GC invocations=1 (full 0):
 garbage-first heap   total 120832K, used 37767K [0x000000008a600000, 0x0000000100000000)
  region size 1024K, 34 young (34816K), 3 survivors (3072K)
 Metaspace       used 21355K, committed 21504K, reserved 1114112K
  class space    used 2328K, committed 2432K, reserved 1048576K
}
Event: 2.265 GC heap after
{Heap after GC invocations=2 (full 0):
 garbage-first heap   total 120832K, used 10375K [0x000000008a600000, 0x0000000100000000)
  region size 1024K, 4 young (4096K), 4 survivors (4096K)
 Metaspace       used 21355K, committed 21504K, reserved 1114112K
  class space    used 2328K, committed 2432K, reserved 1048576K
}
Event: 3.042 GC heap before
{Heap before GC invocations=3 (full 0):
 garbage-first heap   total 40960K, used 32903K [0x000000008a600000, 0x0000000100000000)
  region size 1024K, 23 young (23552K), 4 survivors (4096K)
 Metaspace       used 27136K, committed 27328K, reserved 1114112K
  class space    used 2975K, committed 3072K, reserved 1048576K
}
Event: 3.056 GC heap after
{Heap after GC invocations=4 (full 0):
 garbage-first heap   total 40960K, used 16327K [0x000000008a600000, 0x0000000100000000)
  region size 1024K, 2 young (2048K), 2 survivors (2048K)
 Metaspace       used 27136K, committed 27328K, reserved 1114112K
  class space    used 2975K, committed 3072K, reserved 1048576K
}
Event: 3.092 GC heap before
{Heap before GC invocations=4 (full 0):
 garbage-first heap   total 40960K, used 16327K [0x000000008a600000, 0x0000000100000000)
  region size 1024K, 3 young (3072K), 2 survivors (2048K)
 Metaspace       used 27527K, committed 27776K, reserved 1114112K
  class space    used 3016K, committed 3136K, reserved 1048576K
}
Event: 3.099 GC heap after
{Heap after GC invocations=5 (full 0):
 garbage-first heap   total 40960K, used 16636K [0x000000008a600000, 0x0000000100000000)
  region size 1024K, 1 young (1024K), 1 survivors (1024K)
 Metaspace       used 27527K, committed 27776K, reserved 1114112K
  class space    used 3016K, committed 3136K, reserved 1048576K
}
Event: 3.661 GC heap before
{Heap before GC invocations=5 (full 0):
 garbage-first heap   total 40960K, used 33020K [0x000000008a600000, 0x0000000100000000)
  region size 1024K, 15 young (15360K), 1 survivors (1024K)
 Metaspace       used 31128K, committed 31360K, reserved 1114112K
  class space    used 3777K, committed 3904K, reserved 1048576K
}
Event: 3.668 GC heap after
{Heap after GC invocations=6 (full 0):
 garbage-first heap   total 40960K, used 20728K [0x000000008a600000, 0x0000000100000000)
  region size 1024K, 2 young (2048K), 2 survivors (2048K)
 Metaspace       used 31128K, committed 31360K, reserved 1114112K
  class space    used 3777K, committed 3904K, reserved 1048576K
}
Event: 3.921 GC heap before
{Heap before GC invocations=6 (full 0):
 garbage-first heap   total 40960K, used 31992K [0x000000008a600000, 0x0000000100000000)
  region size 1024K, 13 young (13312K), 2 survivors (2048K)
 Metaspace       used 32868K, committed 33088K, reserved 1114112K
  class space    used 4188K, committed 4288K, reserved 1048576K
}
Event: 3.930 GC heap after
{Heap after GC invocations=7 (full 0):
 garbage-first heap   total 40960K, used 22909K [0x000000008a600000, 0x0000000100000000)
  region size 1024K, 2 young (2048K), 2 survivors (2048K)
 Metaspace       used 32868K, committed 33088K, reserved 1114112K
  class space    used 4188K, committed 4288K, reserved 1048576K
}
Event: 4.179 GC heap before
{Heap before GC invocations=8 (full 0):
 garbage-first heap   total 40960K, used 31101K [0x000000008a600000, 0x0000000100000000)
  region size 1024K, 10 young (10240K), 2 survivors (2048K)
 Metaspace       used 34873K, committed 35136K, reserved 1114112K
  class space    used 4413K, committed 4544K, reserved 1048576K
}
Event: 4.188 GC heap after
{Heap after GC invocations=9 (full 0):
 garbage-first heap   total 40960K, used 24077K [0x000000008a600000, 0x0000000100000000)
  region size 1024K, 1 young (1024K), 1 survivors (1024K)
 Metaspace       used 34873K, committed 35136K, reserved 1114112K
  class space    used 4413K, committed 4544K, reserved 1048576K
}
Event: 4.432 GC heap before
{Heap before GC invocations=9 (full 0):
 garbage-first heap   total 40960K, used 32269K [0x000000008a600000, 0x0000000100000000)
  region size 1024K, 9 young (9216K), 1 survivors (1024K)
 Metaspace       used 36461K, committed 36672K, reserved 1114112K
  class space    used 4593K, committed 4672K, reserved 1048576K
}
Event: 4.437 GC heap after
{Heap after GC invocations=10 (full 0):
 garbage-first heap   total 66560K, used 25179K [0x000000008a600000, 0x0000000100000000)
  region size 1024K, 2 young (2048K), 2 survivors (2048K)
 Metaspace       used 36461K, committed 36672K, reserved 1114112K
  class space    used 4593K, committed 4672K, reserved 1048576K
}
Event: 6.735 GC heap before
{Heap before GC invocations=11 (full 0):
 garbage-first heap   total 66560K, used 48731K [0x000000008a600000, 0x0000000100000000)
  region size 1024K, 26 young (26624K), 2 survivors (2048K)
 Metaspace       used 41570K, committed 41792K, reserved 1114112K
  class space    used 5060K, committed 5120K, reserved 1048576K
}
Event: 6.746 GC heap after
{Heap after GC invocations=12 (full 0):
 garbage-first heap   total 66560K, used 27839K [0x000000008a600000, 0x0000000100000000)
  region size 1024K, 4 young (4096K), 4 survivors (4096K)
 Metaspace       used 41570K, committed 41792K, reserved 1114112K
  class space    used 5060K, committed 5120K, reserved 1048576K
}
Event: 7.749 GC heap before
{Heap before GC invocations=12 (full 0):
 garbage-first heap   total 66560K, used 50367K [0x000000008a600000, 0x0000000100000000)
  region size 1024K, 26 young (26624K), 4 survivors (4096K)
 Metaspace       used 47308K, committed 47552K, reserved 1114112K
  class space    used 5752K, committed 5824K, reserved 1048576K
}
Event: 7.762 GC heap after
{Heap after GC invocations=13 (full 0):
 garbage-first heap   total 66560K, used 29254K [0x000000008a600000, 0x0000000100000000)
  region size 1024K, 2 young (2048K), 2 survivors (2048K)
 Metaspace       used 47308K, committed 47552K, reserved 1114112K
  class space    used 5752K, committed 5824K, reserved 1048576K
}

